<?xml version="1.0" ?>
<testsuite errors="0" failures="0" name="app_test.TestHello-20190612195629" tests="3" time="0.016">
	<testcase classname="app_test.TestHello" name="test_hello" time="0.014"/>
	<testcase classname="app_test.TestHello" name="test_hello_hello" time="0.001"/>
	<testcase classname="app_test.TestHello" name="test_hello_name" time="0.001"/>
	<system-out>
<![CDATA[]]>	</system-out>
	<system-err>
<![CDATA[]]>	</system-err>
</testsuite>
